07-Sep-2018 05:44:37.289 INFO [main] org.apache.catalina.startup.VersionLoggerListener.log Server version:        Apache Tomcat/8.0.27
07-Sep-2018 05:44:37.296 INFO [main] org.apache.catalina.startup.VersionLoggerListener.log Server built:          Sep 28 2015 08:17:25 UTC
07-Sep-2018 05:44:37.296 INFO [main] org.apache.catalina.startup.VersionLoggerListener.log Server number:         8.0.27.0
07-Sep-2018 05:44:37.296 INFO [main] org.apache.catalina.startup.VersionLoggerListener.log OS Name:               Linux
07-Sep-2018 05:44:37.296 INFO [main] org.apache.catalina.startup.VersionLoggerListener.log OS Version:            4.4.0-1065-aws
07-Sep-2018 05:44:37.297 INFO [main] org.apache.catalina.startup.VersionLoggerListener.log Architecture:          amd64
07-Sep-2018 05:44:37.297 INFO [main] org.apache.catalina.startup.VersionLoggerListener.log Java Home:             /usr/lib/jvm/java-8-oracle/jre
07-Sep-2018 05:44:37.297 INFO [main] org.apache.catalina.startup.VersionLoggerListener.log JVM Version:           1.8.0_181-b13
07-Sep-2018 05:44:37.298 INFO [main] org.apache.catalina.startup.VersionLoggerListener.log JVM Vendor:            Oracle Corporation
07-Sep-2018 05:44:37.298 INFO [main] org.apache.catalina.startup.VersionLoggerListener.log CATALINA_BASE:         /home/ubuntu/apache-tomcat-8.0.27
07-Sep-2018 05:44:37.298 INFO [main] org.apache.catalina.startup.VersionLoggerListener.log CATALINA_HOME:         /home/ubuntu/apache-tomcat-8.0.27
07-Sep-2018 05:44:37.299 INFO [main] org.apache.catalina.startup.VersionLoggerListener.log Command line argument: -Djava.util.logging.config.file=/home/ubuntu/apache-tomcat-8.0.27/conf/logging.properties
07-Sep-2018 05:44:37.299 INFO [main] org.apache.catalina.startup.VersionLoggerListener.log Command line argument: -Djava.util.logging.manager=org.apache.juli.ClassLoaderLogManager
07-Sep-2018 05:44:37.300 INFO [main] org.apache.catalina.startup.VersionLoggerListener.log Command line argument: -Djava.endorsed.dirs=/home/ubuntu/apache-tomcat-8.0.27/endorsed
07-Sep-2018 05:44:37.300 INFO [main] org.apache.catalina.startup.VersionLoggerListener.log Command line argument: -Dcatalina.base=/home/ubuntu/apache-tomcat-8.0.27
07-Sep-2018 05:44:37.300 INFO [main] org.apache.catalina.startup.VersionLoggerListener.log Command line argument: -Dcatalina.home=/home/ubuntu/apache-tomcat-8.0.27
07-Sep-2018 05:44:37.300 INFO [main] org.apache.catalina.startup.VersionLoggerListener.log Command line argument: -Djava.io.tmpdir=/home/ubuntu/apache-tomcat-8.0.27/temp
07-Sep-2018 05:44:37.301 INFO [main] org.apache.catalina.core.AprLifecycleListener.lifecycleEvent The APR based Apache Tomcat Native library which allows optimal performance in production environments was not found on the java.library.path: /usr/java/packages/lib/amd64:/usr/lib64:/lib64:/lib:/usr/lib
07-Sep-2018 05:44:37.575 INFO [main] org.apache.coyote.AbstractProtocol.init Initializing ProtocolHandler ["http-nio-8080"]
07-Sep-2018 05:44:37.599 INFO [main] org.apache.tomcat.util.net.NioSelectorPool.getSharedSelector Using a shared selector for servlet write/read
07-Sep-2018 05:44:37.604 INFO [main] org.apache.coyote.AbstractProtocol.init Initializing ProtocolHandler ["ajp-nio-8009"]
07-Sep-2018 05:44:37.605 INFO [main] org.apache.tomcat.util.net.NioSelectorPool.getSharedSelector Using a shared selector for servlet write/read
07-Sep-2018 05:44:37.610 INFO [main] org.apache.catalina.startup.Catalina.load Initialization processed in 1010 ms
07-Sep-2018 05:44:37.649 INFO [main] org.apache.catalina.core.StandardService.startInternal Starting service Catalina
07-Sep-2018 05:44:37.651 INFO [main] org.apache.catalina.core.StandardEngine.startInternal Starting Servlet Engine: Apache Tomcat/8.0.27
07-Sep-2018 05:44:37.696 INFO [localhost-startStop-1] org.apache.catalina.startup.HostConfig.deployWAR Deploying web application archive /home/ubuntu/apache-tomcat-8.0.27/webapps/TechdatCommunicationss.war
07-Sep-2018 05:44:39.781 INFO [localhost-startStop-1] org.apache.jasper.servlet.TldScanner.scanJars At least one JAR was scanned for TLDs yet contained no TLDs. Enable debug logging for this logger for a complete list of JARs that were scanned but no TLDs were found in them. Skipping unneeded JARs during scanning can improve startup time and JSP compilation time.
07-Sep-2018 05:44:41.021 INFO [localhost-startStop-1] org.apache.catalina.startup.HostConfig.deployWAR Deployment of web application archive /home/ubuntu/apache-tomcat-8.0.27/webapps/TechdatCommunicationss.war has finished in 3,324 ms
07-Sep-2018 05:44:41.023 INFO [localhost-startStop-1] org.apache.catalina.startup.HostConfig.deployDirectory Deploying web application directory /home/ubuntu/apache-tomcat-8.0.27/webapps/docs
07-Sep-2018 05:44:41.066 INFO [localhost-startStop-1] org.apache.catalina.startup.HostConfig.deployDirectory Deployment of web application directory /home/ubuntu/apache-tomcat-8.0.27/webapps/docs has finished in 43 ms
07-Sep-2018 05:44:41.067 INFO [localhost-startStop-1] org.apache.catalina.startup.HostConfig.deployDirectory Deploying web application directory /home/ubuntu/apache-tomcat-8.0.27/webapps/ROOT
07-Sep-2018 05:44:41.101 INFO [localhost-startStop-1] org.apache.catalina.startup.HostConfig.deployDirectory Deployment of web application directory /home/ubuntu/apache-tomcat-8.0.27/webapps/ROOT has finished in 35 ms
07-Sep-2018 05:44:41.102 INFO [localhost-startStop-1] org.apache.catalina.startup.HostConfig.deployDirectory Deploying web application directory /home/ubuntu/apache-tomcat-8.0.27/webapps/examples
07-Sep-2018 05:44:41.420 INFO [localhost-startStop-1] org.apache.catalina.startup.HostConfig.deployDirectory Deployment of web application directory /home/ubuntu/apache-tomcat-8.0.27/webapps/examples has finished in 318 ms
07-Sep-2018 05:44:41.420 INFO [localhost-startStop-1] org.apache.catalina.startup.HostConfig.deployDirectory Deploying web application directory /home/ubuntu/apache-tomcat-8.0.27/webapps/manager
07-Sep-2018 05:44:41.465 INFO [localhost-startStop-1] org.apache.catalina.startup.HostConfig.deployDirectory Deployment of web application directory /home/ubuntu/apache-tomcat-8.0.27/webapps/manager has finished in 45 ms
07-Sep-2018 05:44:41.465 INFO [localhost-startStop-1] org.apache.catalina.startup.HostConfig.deployDirectory Deploying web application directory /home/ubuntu/apache-tomcat-8.0.27/webapps/host-manager
07-Sep-2018 05:44:41.496 INFO [localhost-startStop-1] org.apache.catalina.startup.HostConfig.deployDirectory Deployment of web application directory /home/ubuntu/apache-tomcat-8.0.27/webapps/host-manager has finished in 31 ms
07-Sep-2018 05:44:41.507 INFO [main] org.apache.coyote.AbstractProtocol.start Starting ProtocolHandler ["http-nio-8080"]
07-Sep-2018 05:44:41.571 INFO [main] org.apache.coyote.AbstractProtocol.start Starting ProtocolHandler ["ajp-nio-8009"]
07-Sep-2018 05:44:41.574 INFO [main] org.apache.catalina.startup.Catalina.start Server startup in 3964 ms
07-Sep-2018 10:42:39.147 INFO [Thread-5] org.apache.coyote.AbstractProtocol.pause Pausing ProtocolHandler ["http-nio-8080"]
07-Sep-2018 10:42:39.191 INFO [Thread-5] org.apache.coyote.AbstractProtocol.pause Pausing ProtocolHandler ["ajp-nio-8009"]
07-Sep-2018 10:42:39.191 INFO [Thread-5] org.apache.catalina.core.StandardService.stopInternal Stopping service Catalina
07-Sep-2018 10:42:39.378 INFO [Thread-5] org.apache.coyote.AbstractProtocol.stop Stopping ProtocolHandler ["http-nio-8080"]
07-Sep-2018 10:42:39.381 INFO [Thread-5] org.apache.coyote.AbstractProtocol.stop Stopping ProtocolHandler ["ajp-nio-8009"]
07-Sep-2018 10:42:39.381 INFO [Thread-5] org.apache.coyote.AbstractProtocol.destroy Destroying ProtocolHandler ["http-nio-8080"]
07-Sep-2018 10:42:39.382 INFO [Thread-5] org.apache.coyote.AbstractProtocol.destroy Destroying ProtocolHandler ["ajp-nio-8009"]
